# JRE version: OpenJDK Runtime Environment Microsoft-32931 (17.0.3+7) (build 17.0.3+7-LTS)
# Java VM: OpenJDK 64-Bit Server VM Microsoft-32931 (17.0.3+7-LTS, mixed mode, tiered, compressed oops, compressed class ptrs, g1 gc, windows-amd64)
GC Precious Log:
 CPUs: 12 total, 12 available
 Memory: 16316M
 Large Page Support: Disabled
 NUMA Support: Disabled
 Compressed Oops: Enabled (Zero based)
 Heap Region Size: 32M
 Heap Min Capacity: 256M
 Heap Initial Capacity: 256M
 Heap Max Capacity: 8064M
 Pre-touch: Disabled
 Parallel Workers: 10
 Concurrent Workers: 3
 Concurrent Refinement Workers: 10
 Periodic GC: Disabled
Heap:
 garbage-first heap   total 5865472K, used 4479909K [0x0000000608000000, 0x0000000800000000)
  region size 32768K, 4 young (131072K), 1 survivors (32768K)
 Metaspace       used 320265K, committed 322752K, reserved 1318912K
  class space    used 54805K, committed 55936K, reserved 1048576K
GC Heap History (20 events):
Event: 1953.479 GC heap before
{Heap before GC invocations=744 (full 0):
 garbage-first heap   total 5865472K, used 5486807K [0x0000000608000000, 0x0000000800000000)
  region size 32768K, 35 young (1146880K), 2 survivors (65536K)
 Metaspace       used 320260K, committed 322752K, reserved 1318912K
  class space    used 54805K, committed 55936K, reserved 1048576K
}
Event: 1953.521 GC heap after
{Heap after GC invocations=745 (full 0):
 garbage-first heap   total 5865472K, used 4406988K [0x0000000608000000, 0x0000000800000000)
  region size 32768K, 2 young (65536K), 2 survivors (65536K)
 Metaspace       used 320260K, committed 322752K, reserved 1318912K
  class space    used 54805K, committed 55936K, reserved 1048576K
}
Event: 1955.802 GC heap before
{Heap before GC invocations=745 (full 0):
 garbage-first heap   total 5865472K, used 5488332K [0x0000000608000000, 0x0000000800000000)
  region size 32768K, 35 young (1146880K), 2 survivors (65536K)
 Metaspace       used 320264K, committed 322752K, reserved 1318912K
  class space    used 54806K, committed 55936K, reserved 1048576K
}
Event: 1955.846 GC heap after
{Heap after GC invocations=746 (full 0):
 garbage-first heap   total 5865472K, used 4411039K [0x0000000608000000, 0x0000000800000000)
  region size 32768K, 3 young (98304K), 3 survivors (98304K)
 Metaspace       used 320264K, committed 322752K, reserved 1318912K
  class space    used 54806K, committed 55936K, reserved 1048576K
}
Event: 1958.563 GC heap before
{Heap before GC invocations=746 (full 0):
 garbage-first heap   total 5865472K, used 5459615K [0x0000000608000000, 0x0000000800000000)
  region size 32768K, 35 young (1146880K), 3 survivors (98304K)
 Metaspace       used 320266K, committed 322752K, reserved 1318912K
  class space    used 54806K, committed 55936K, reserved 1048576K
}
Event: 1958.605 GC heap after
{Heap after GC invocations=747 (full 0):
 garbage-first heap   total 5865472K, used 4410426K [0x0000000608000000, 0x0000000800000000)
  region size 32768K, 3 young (98304K), 3 survivors (98304K)
 Metaspace       used 320266K, committed 322752K, reserved 1318912K
  class space    used 54806K, committed 55936K, reserved 1048576K
}
Event: 1961.229 GC heap before
{Heap before GC invocations=747 (full 0):
 garbage-first heap   total 5865472K, used 5459002K [0x0000000608000000, 0x0000000800000000)
  region size 32768K, 35 young (1146880K), 3 survivors (98304K)
 Metaspace       used 320266K, committed 322752K, reserved 1318912K
  class space    used 54806K, committed 55936K, reserved 1048576K
}
Event: 1961.272 GC heap after
{Heap after GC invocations=748 (full 0):
 garbage-first heap   total 5865472K, used 4410426K [0x0000000608000000, 0x0000000800000000)
  region size 32768K, 3 young (98304K), 3 survivors (98304K)
 Metaspace       used 320266K, committed 322752K, reserved 1318912K
  class space    used 54806K, committed 55936K, reserved 1048576K
}
Event: 1963.917 GC heap before
{Heap before GC invocations=748 (full 0):
 garbage-first heap   total 5865472K, used 5459002K [0x0000000608000000, 0x0000000800000000)
  region size 32768K, 35 young (1146880K), 3 survivors (98304K)
 Metaspace       used 320266K, committed 322752K, reserved 1318912K
  class space    used 54806K, committed 55936K, reserved 1048576K
}
Event: 1963.960 GC heap after
{Heap after GC invocations=749 (full 0):
 garbage-first heap   total 5865472K, used 4410426K [0x0000000608000000, 0x0000000800000000)
  region size 32768K, 3 young (98304K), 3 survivors (98304K)
 Metaspace       used 320266K, committed 322752K, reserved 1318912K
  class space    used 54806K, committed 55936K, reserved 1048576K
}
Event: 1966.565 GC heap before
{Heap before GC invocations=749 (full 0):
 garbage-first heap   total 5865472K, used 5459002K [0x0000000608000000, 0x0000000800000000)
  region size 32768K, 35 young (1146880K), 3 survivors (98304K)
 Metaspace       used 320266K, committed 322752K, reserved 1318912K
  class space    used 54806K, committed 55936K, reserved 1048576K
}
Event: 1966.607 GC heap after
{Heap after GC invocations=750 (full 0):
 garbage-first heap   total 5865472K, used 4409907K [0x0000000608000000, 0x0000000800000000)
  region size 32768K, 2 young (65536K), 2 survivors (65536K)
 Metaspace       used 320266K, committed 322752K, reserved 1318912K
  class space    used 54806K, committed 55936K, reserved 1048576K
}
Event: 1969.303 GC heap before
{Heap before GC invocations=750 (full 0):
 garbage-first heap   total 5865472K, used 5491251K [0x0000000608000000, 0x0000000800000000)
  region size 32768K, 35 young (1146880K), 2 survivors (65536K)
 Metaspace       used 320266K, committed 322752K, reserved 1318912K
  class space    used 54806K, committed 55936K, reserved 1048576K
}
Event: 1969.352 GC heap after
{Heap after GC invocations=751 (full 0):
 garbage-first heap   total 5865472K, used 4412463K [0x0000000608000000, 0x0000000800000000)
  region size 32768K, 2 young (65536K), 2 survivors (65536K)
 Metaspace       used 320266K, committed 322752K, reserved 1318912K
  class space    used 54806K, committed 55936K, reserved 1048576K
}
Event: 1972.026 GC heap before
{Heap before GC invocations=751 (full 0):
 garbage-first heap   total 5865472K, used 5493807K [0x0000000608000000, 0x0000000800000000)
  region size 32768K, 35 young (1146880K), 2 survivors (65536K)
 Metaspace       used 320266K, committed 322752K, reserved 1318912K
  class space    used 54806K, committed 55936K, reserved 1048576K
}
Event: 1972.050 GC heap after
{Heap after GC invocations=752 (full 0):
 garbage-first heap   total 5865472K, used 4413921K [0x0000000608000000, 0x0000000800000000)
  region size 32768K, 1 young (32768K), 1 survivors (32768K)
 Metaspace       used 320266K, committed 322752K, reserved 1318912K
  class space    used 54806K, committed 55936K, reserved 1048576K
}
Event: 1974.869 GC heap before
{Heap before GC invocations=752 (full 0):
 garbage-first heap   total 5865472K, used 5528033K [0x0000000608000000, 0x0000000800000000)
  region size 32768K, 35 young (1146880K), 1 survivors (32768K)
 Metaspace       used 320266K, committed 322752K, reserved 1318912K
  class space    used 54806K, committed 55936K, reserved 1048576K
}
Event: 1974.918 GC heap after
{Heap after GC invocations=753 (full 0):
 garbage-first heap   total 5865472K, used 4412737K [0x0000000608000000, 0x0000000800000000)
  region size 32768K, 1 young (32768K), 1 survivors (32768K)
 Metaspace       used 320266K, committed 322752K, reserved 1318912K
  class space    used 54806K, committed 55936K, reserved 1048576K
}
Event: 1978.001 GC heap before
{Heap before GC invocations=753 (full 0):
 garbage-first heap   total 5865472K, used 5526849K [0x0000000608000000, 0x0000000800000000)
  region size 32768K, 35 young (1146880K), 1 survivors (32768K)
 Metaspace       used 320266K, committed 322752K, reserved 1318912K
  class space    used 54806K, committed 55936K, reserved 1048576K
}
Event: 1978.015 GC heap after
{Heap after GC invocations=754 (full 0):
 garbage-first heap   total 5865472K, used 4414373K [0x0000000608000000, 0x0000000800000000)
  region size 32768K, 1 young (32768K), 1 survivors (32768K)
 Metaspace       used 320266K, committed 322752K, reserved 1318912K
  class space    used 54806K, committed 55936K, reserved 1048576K
}

