# JRE version: OpenJDK Runtime Environment Microsoft-32931 (17.0.3+7) (build 17.0.3+7-LTS)
# Java VM: OpenJDK 64-Bit Server VM Microsoft-32931 (17.0.3+7-LTS, mixed mode, tiered, compressed oops, compressed class ptrs, g1 gc, windows-amd64)
GC Precious Log:
 CPUs: 12 total, 12 available
 Memory: 16316M
 Large Page Support: Disabled
 NUMA Support: Disabled
 Compressed Oops: Enabled (Zero based)
 Heap Region Size: 32M
 Heap Min Capacity: 256M
 Heap Initial Capacity: 256M
 Heap Max Capacity: 8064M
 Pre-touch: Disabled
 Parallel Workers: 10
 Concurrent Workers: 3
 Concurrent Refinement Workers: 10
 Periodic GC: Disabled
Heap:
 garbage-first heap   total 6389760K, used 3613845K [0x0000000608000000, 0x0000000800000000)
  region size 32768K, 2 young (65536K), 2 survivors (65536K)
 Metaspace       used 305707K, committed 308032K, reserved 1310720K
  class space    used 53683K, committed 54720K, reserved 1048576K
GC Heap History (20 events):
Event: 226.443 GC heap after
{Heap after GC invocations=102 (full 0):
 garbage-first heap   total 4423680K, used 3045936K [0x0000000608000000, 0x0000000800000000)
  region size 32768K, 3 young (98304K), 3 survivors (98304K)
 Metaspace       used 279258K, committed 281280K, reserved 1286144K
  class space    used 50238K, committed 51136K, reserved 1048576K
}
Event: 228.135 GC heap before
{Heap before GC invocations=102 (full 0):
 garbage-first heap   total 4423680K, used 3832368K [0x0000000608000000, 0x0000000800000000)
  region size 32768K, 27 young (884736K), 3 survivors (98304K)
 Metaspace       used 281478K, committed 283584K, reserved 1286144K
  class space    used 50509K, committed 51520K, reserved 1048576K
}
Event: 228.200 GC heap after
{Heap after GC invocations=103 (full 0):
 garbage-first heap   total 4423680K, used 3090928K [0x0000000608000000, 0x0000000800000000)
  region size 32768K, 3 young (98304K), 3 survivors (98304K)
 Metaspace       used 281478K, committed 283584K, reserved 1286144K
  class space    used 50509K, committed 51520K, reserved 1048576K
}
Event: 230.980 GC heap before
{Heap before GC invocations=103 (full 0):
 garbage-first heap   total 4423680K, used 3877360K [0x0000000608000000, 0x0000000800000000)
  region size 32768K, 27 young (884736K), 3 survivors (98304K)
 Metaspace       used 289953K, committed 292096K, reserved 1294336K
  class space    used 51714K, committed 52672K, reserved 1048576K
}
Event: 231.083 GC heap after
{Heap after GC invocations=104 (full 0):
 garbage-first heap   total 4423680K, used 3228905K [0x0000000608000000, 0x0000000800000000)
  region size 32768K, 4 young (131072K), 4 survivors (131072K)
 Metaspace       used 289953K, committed 292096K, reserved 1294336K
  class space    used 51714K, committed 52672K, reserved 1048576K
}
Event: 231.591 GC heap before
{Heap before GC invocations=104 (full 0):
 garbage-first heap   total 4423680K, used 3982569K [0x0000000608000000, 0x0000000800000000)
  region size 32768K, 27 young (884736K), 4 survivors (131072K)
 Metaspace       used 290509K, committed 292608K, reserved 1294336K
  class space    used 51762K, committed 52672K, reserved 1048576K
}
Event: 231.681 GC heap after
{Heap after GC invocations=105 (full 0):
 garbage-first heap   total 4423680K, used 3352413K [0x0000000608000000, 0x0000000800000000)
  region size 32768K, 4 young (131072K), 4 survivors (131072K)
 Metaspace       used 290509K, committed 292608K, reserved 1294336K
  class space    used 51762K, committed 52672K, reserved 1048576K
}
Event: 232.212 GC heap before
{Heap before GC invocations=105 (full 0):
 garbage-first heap   total 4423680K, used 4040541K [0x0000000608000000, 0x0000000800000000)
  region size 32768K, 26 young (851968K), 4 survivors (131072K)
 Metaspace       used 290545K, committed 292608K, reserved 1294336K
  class space    used 51764K, committed 52672K, reserved 1048576K
}
Event: 232.372 GC heap after
{Heap after GC invocations=106 (full 0):
 garbage-first heap   total 5210112K, used 3404677K [0x0000000608000000, 0x0000000800000000)
  region size 32768K, 2 young (65536K), 2 survivors (65536K)
 Metaspace       used 290545K, committed 292608K, reserved 1294336K
  class space    used 51764K, committed 52672K, reserved 1048576K
}
Event: 236.275 GC heap before
{Heap before GC invocations=106 (full 0):
 garbage-first heap   total 5210112K, used 4354949K [0x0000000608000000, 0x0000000800000000)
  region size 32768K, 31 young (1015808K), 2 survivors (65536K)
 Metaspace       used 290914K, committed 293056K, reserved 1294336K
  class space    used 51822K, committed 52800K, reserved 1048576K
}
Event: 236.699 GC heap after
{Heap after GC invocations=107 (full 0):
 garbage-first heap   total 5210112K, used 3425081K [0x0000000608000000, 0x0000000800000000)
  region size 32768K, 3 young (98304K), 3 survivors (98304K)
 Metaspace       used 290914K, committed 293056K, reserved 1294336K
  class space    used 51822K, committed 52800K, reserved 1048576K
}
Event: 240.827 GC heap before
{Heap before GC invocations=107 (full 0):
 garbage-first heap   total 5210112K, used 4342585K [0x0000000608000000, 0x0000000800000000)
  region size 32768K, 31 young (1015808K), 3 survivors (98304K)
 Metaspace       used 292622K, committed 294784K, reserved 1294336K
  class space    used 52007K, committed 52992K, reserved 1048576K
}
Event: 240.894 GC heap after
{Heap after GC invocations=108 (full 0):
 garbage-first heap   total 5210112K, used 3470089K [0x0000000608000000, 0x0000000800000000)
  region size 32768K, 3 young (98304K), 3 survivors (98304K)
 Metaspace       used 292622K, committed 294784K, reserved 1294336K
  class space    used 52007K, committed 52992K, reserved 1048576K
}
Event: 243.692 GC heap before
{Heap before GC invocations=108 (full 0):
 garbage-first heap   total 5210112K, used 4387593K [0x0000000608000000, 0x0000000800000000)
  region size 32768K, 31 young (1015808K), 3 survivors (98304K)
 Metaspace       used 294672K, committed 296832K, reserved 1294336K
  class space    used 52311K, committed 53312K, reserved 1048576K
}
Event: 243.787 GC heap after
{Heap after GC invocations=109 (full 0):
 garbage-first heap   total 5210112K, used 3528739K [0x0000000608000000, 0x0000000800000000)
  region size 32768K, 4 young (131072K), 4 survivors (131072K)
 Metaspace       used 294672K, committed 296832K, reserved 1294336K
  class space    used 52311K, committed 53312K, reserved 1048576K
}
Event: 246.921 GC heap before
{Heap before GC invocations=109 (full 0):
 garbage-first heap   total 6389760K, used 4413475K [0x0000000608000000, 0x0000000800000000)
  region size 32768K, 31 young (1015808K), 4 survivors (131072K)
 Metaspace       used 295103K, committed 297216K, reserved 1294336K
  class space    used 52396K, committed 53376K, reserved 1048576K
}
Event: 247.131 GC heap after
{Heap after GC invocations=110 (full 0):
 garbage-first heap   total 6389760K, used 3567000K [0x0000000608000000, 0x0000000800000000)
  region size 32768K, 3 young (98304K), 3 survivors (98304K)
 Metaspace       used 295103K, committed 297216K, reserved 1294336K
  class space    used 52396K, committed 53376K, reserved 1048576K
}
Event: 253.528 GC heap before
{Heap before GC invocations=111 (full 0):
 garbage-first heap   total 6389760K, used 4746648K [0x0000000608000000, 0x0000000800000000)
  region size 32768K, 39 young (1277952K), 3 survivors (98304K)
 Metaspace       used 300962K, committed 303232K, reserved 1302528K
  class space    used 53121K, committed 54144K, reserved 1048576K
}
Event: 253.684 GC heap after
{Heap after GC invocations=112 (full 0):
 garbage-first heap   total 6389760K, used 3667484K [0x0000000608000000, 0x0000000800000000)
  region size 32768K, 5 young (163840K), 5 survivors (163840K)
 Metaspace       used 300962K, committed 303232K, reserved 1302528K
  class space    used 53121K, committed 54144K, reserved 1048576K
}
Event: 258.796 GC heap before
{Heap before GC invocations=112 (full 0):
 garbage-first heap   total 6389760K, used 4781596K [0x0000000608000000, 0x0000000800000000)
  region size 32768K, 39 young (1277952K), 5 survivors (163840K)
 Metaspace       used 305707K, committed 308032K, reserved 1310720K
  class space    used 53683K, committed 54720K, reserved 1048576K
}

