# JRE version: OpenJDK Runtime Environment Microsoft-32931 (17.0.3+7) (build 17.0.3+7-LTS)
# Java VM: OpenJDK 64-Bit Server VM Microsoft-32931 (17.0.3+7-LTS, mixed mode, tiered, compressed oops, compressed class ptrs, g1 gc, windows-amd64)
GC Precious Log:
 CPUs: 12 total, 12 available
 Memory: 16316M
 Large Page Support: Disabled
 NUMA Support: Disabled
 Compressed Oops: Enabled (Zero based)
 Heap Region Size: 32M
 Heap Min Capacity: 256M
 Heap Initial Capacity: 256M
 Heap Max Capacity: 8064M
 Pre-touch: Disabled
 Parallel Workers: 10
 Concurrent Workers: 3
 Concurrent Refinement Workers: 10
 Periodic GC: Disabled
Heap:
 garbage-first heap   total 6553600K, used 4246222K [0x0000000608000000, 0x0000000800000000)
  region size 32768K, 26 young (851968K), 3 survivors (98304K)
 Metaspace       used 300152K, committed 302336K, reserved 1302528K
  class space    used 52961K, committed 53952K, reserved 1048576K
GC Heap History (20 events):
Event: 195.736 GC heap before
{Heap before GC invocations=106 (full 0):
 garbage-first heap   total 4325376K, used 3348476K [0x0000000608000000, 0x0000000800000000)
  region size 32768K, 26 young (851968K), 4 survivors (131072K)
 Metaspace       used 278612K, committed 280704K, reserved 1286144K
  class space    used 50076K, committed 51008K, reserved 1048576K
}
Event: 195.962 GC heap after
{Heap after GC invocations=107 (full 0):
 garbage-first heap   total 4325376K, used 2949120K [0x0000000608000000, 0x0000000800000000)
  region size 32768K, 4 young (131072K), 4 survivors (131072K)
 Metaspace       used 278612K, committed 280704K, reserved 1286144K
  class space    used 50076K, committed 51008K, reserved 1048576K
}
Event: 196.911 GC heap before
{Heap before GC invocations=107 (full 0):
 garbage-first heap   total 4325376K, used 3440640K [0x0000000608000000, 0x0000000800000000)
  region size 32768K, 20 young (655360K), 4 survivors (131072K)
 Metaspace       used 279261K, committed 281280K, reserved 1286144K
  class space    used 50187K, committed 51072K, reserved 1048576K
}
Event: 197.022 GC heap after
{Heap after GC invocations=108 (full 0):
 garbage-first heap   total 4325376K, used 3028996K [0x0000000608000000, 0x0000000800000000)
  region size 32768K, 2 young (65536K), 2 survivors (65536K)
 Metaspace       used 279261K, committed 281280K, reserved 1286144K
  class space    used 50187K, committed 51072K, reserved 1048576K
}
Event: 198.760 GC heap before
{Heap before GC invocations=108 (full 0):
 garbage-first heap   total 4325376K, used 3815428K [0x0000000608000000, 0x0000000800000000)
  region size 32768K, 26 young (851968K), 2 survivors (65536K)
 Metaspace       used 279597K, committed 281664K, reserved 1286144K
  class space    used 50251K, committed 51200K, reserved 1048576K
}
Event: 198.800 GC heap after
{Heap after GC invocations=109 (full 0):
 garbage-first heap   total 4325376K, used 3058286K [0x0000000608000000, 0x0000000800000000)
  region size 32768K, 3 young (98304K), 3 survivors (98304K)
 Metaspace       used 279597K, committed 281664K, reserved 1286144K
  class space    used 50251K, committed 51200K, reserved 1048576K
}
Event: 199.658 GC heap before
{Heap before GC invocations=109 (full 0):
 garbage-first heap   total 4325376K, used 3811950K [0x0000000608000000, 0x0000000800000000)
  region size 32768K, 26 young (851968K), 3 survivors (98304K)
 Metaspace       used 279648K, committed 281728K, reserved 1286144K
  class space    used 50262K, committed 51200K, reserved 1048576K
}
Event: 199.711 GC heap after
{Heap after GC invocations=110 (full 0):
 garbage-first heap   total 4325376K, used 3094098K [0x0000000608000000, 0x0000000800000000)
  region size 32768K, 3 young (98304K), 3 survivors (98304K)
 Metaspace       used 279648K, committed 281728K, reserved 1286144K
  class space    used 50262K, committed 51200K, reserved 1048576K
}
Event: 205.675 GC heap before
{Heap before GC invocations=111 (full 0):
 garbage-first heap   total 6127616K, used 3847762K [0x0000000608000000, 0x0000000800000000)
  region size 32768K, 26 young (851968K), 3 survivors (98304K)
 Metaspace       used 287967K, committed 290048K, reserved 1294336K
  class space    used 51392K, committed 52352K, reserved 1048576K
}
Event: 205.764 GC heap after
{Heap after GC invocations=112 (full 0):
 garbage-first heap   total 6127616K, used 3138164K [0x0000000608000000, 0x0000000800000000)
  region size 32768K, 3 young (98304K), 3 survivors (98304K)
 Metaspace       used 287967K, committed 290048K, reserved 1294336K
  class space    used 51392K, committed 52352K, reserved 1048576K
}
Event: 209.386 GC heap before
{Heap before GC invocations=112 (full 0):
 garbage-first heap   total 6127616K, used 4252276K [0x0000000608000000, 0x0000000800000000)
  region size 32768K, 37 young (1212416K), 3 survivors (98304K)
 Metaspace       used 290567K, committed 292672K, reserved 1294336K
  class space    used 51769K, committed 52736K, reserved 1048576K
}
Event: 210.797 GC heap after
{Heap after GC invocations=113 (full 0):
 garbage-first heap   total 6127616K, used 3321919K [0x0000000608000000, 0x0000000800000000)
  region size 32768K, 5 young (163840K), 5 survivors (163840K)
 Metaspace       used 290567K, committed 292672K, reserved 1294336K
  class space    used 51769K, committed 52736K, reserved 1048576K
}
Event: 211.645 GC heap before
{Heap before GC invocations=113 (full 0):
 garbage-first heap   total 6127616K, used 4337727K [0x0000000608000000, 0x0000000800000000)
  region size 32768K, 37 young (1212416K), 5 survivors (163840K)
 Metaspace       used 290737K, committed 292800K, reserved 1294336K
  class space    used 51788K, committed 52736K, reserved 1048576K
}
Event: 212.114 GC heap after
{Heap after GC invocations=114 (full 0):
 garbage-first heap   total 6553600K, used 3347154K [0x0000000608000000, 0x0000000800000000)
  region size 32768K, 3 young (98304K), 3 survivors (98304K)
 Metaspace       used 290737K, committed 292800K, reserved 1294336K
  class space    used 51788K, committed 52736K, reserved 1048576K
}
Event: 214.622 GC heap before
{Heap before GC invocations=114 (full 0):
 garbage-first heap   total 6553600K, used 4526802K [0x0000000608000000, 0x0000000800000000)
  region size 32768K, 40 young (1310720K), 3 survivors (98304K)
 Metaspace       used 292394K, committed 294592K, reserved 1294336K
  class space    used 51998K, committed 52992K, reserved 1048576K
}
Event: 214.760 GC heap after
{Heap after GC invocations=115 (full 0):
 garbage-first heap   total 6553600K, used 3368159K [0x0000000608000000, 0x0000000800000000)
  region size 32768K, 3 young (98304K), 3 survivors (98304K)
 Metaspace       used 292394K, committed 294592K, reserved 1294336K
  class space    used 51998K, committed 52992K, reserved 1048576K
}
Event: 216.912 GC heap before
{Heap before GC invocations=115 (full 0):
 garbage-first heap   total 6553600K, used 4580575K [0x0000000608000000, 0x0000000800000000)
  region size 32768K, 40 young (1310720K), 3 survivors (98304K)
 Metaspace       used 294305K, committed 296512K, reserved 1294336K
  class space    used 52256K, committed 53312K, reserved 1048576K
}
Event: 216.996 GC heap after
{Heap after GC invocations=116 (full 0):
 garbage-first heap   total 6553600K, used 3461767K [0x0000000608000000, 0x0000000800000000)
  region size 32768K, 5 young (163840K), 5 survivors (163840K)
 Metaspace       used 294305K, committed 296512K, reserved 1294336K
  class space    used 52256K, committed 53312K, reserved 1048576K
}
Event: 218.785 GC heap before
{Heap before GC invocations=116 (full 0):
 garbage-first heap   total 6553600K, used 4608647K [0x0000000608000000, 0x0000000800000000)
  region size 32768K, 40 young (1310720K), 5 survivors (163840K)
 Metaspace       used 295392K, committed 297600K, reserved 1294336K
  class space    used 52451K, committed 53504K, reserved 1048576K
}
Event: 219.088 GC heap after
{Heap after GC invocations=117 (full 0):
 garbage-first heap   total 6553600K, used 3525326K [0x0000000608000000, 0x0000000800000000)
  region size 32768K, 3 young (98304K), 3 survivors (98304K)
 Metaspace       used 295392K, committed 297600K, reserved 1294336K
  class space    used 52451K, committed 53504K, reserved 1048576K
}

