# JRE version: OpenJDK Runtime Environment Microsoft-32931 (17.0.3+7) (build 17.0.3+7-LTS)
# Java VM: OpenJDK 64-Bit Server VM Microsoft-32931 (17.0.3+7-LTS, mixed mode, tiered, compressed oops, compressed class ptrs, g1 gc, windows-amd64)
GC Precious Log:
 CPUs: 12 total, 12 available
 Memory: 16316M
 Large Page Support: Disabled
 NUMA Support: Disabled
 Compressed Oops: Enabled (Zero based)
 Heap Region Size: 32M
 Heap Min Capacity: 256M
 Heap Initial Capacity: 256M
 Heap Max Capacity: 8064M
 Pre-touch: Disabled
 Parallel Workers: 10
 Concurrent Workers: 3
 Concurrent Refinement Workers: 10
 Periodic GC: Disabled
Heap:
 garbage-first heap   total 8257536K, used 3222058K [0x0000000608000000, 0x0000000800000000)
  region size 32768K, 5 young (163840K), 3 survivors (98304K)
 Metaspace       used 303692K, committed 305984K, reserved 1302528K
  class space    used 51982K, committed 53056K, reserved 1048576K
GC Heap History (20 events):
Event: 327.398 GC heap before
{Heap before GC invocations=169 (full 0):
 garbage-first heap   total 8257536K, used 4342125K [0x0000000608000000, 0x0000000800000000)
  region size 32768K, 50 young (1638400K), 5 survivors (163840K)
 Metaspace       used 285380K, committed 287552K, reserved 1286144K
  class space    used 50060K, committed 51072K, reserved 1048576K
}
Event: 327.453 GC heap after
{Heap after GC invocations=170 (full 0):
 garbage-first heap   total 8257536K, used 2956272K [0x0000000608000000, 0x0000000800000000)
  region size 32768K, 6 young (196608K), 6 survivors (196608K)
 Metaspace       used 285380K, committed 287552K, reserved 1286144K
  class space    used 50060K, committed 51072K, reserved 1048576K
}
Event: 329.944 GC heap before
{Heap before GC invocations=170 (full 0):
 garbage-first heap   total 8257536K, used 4365296K [0x0000000608000000, 0x0000000800000000)
  region size 32768K, 50 young (1638400K), 6 survivors (196608K)
 Metaspace       used 287000K, committed 289152K, reserved 1294336K
  class space    used 50278K, committed 51264K, reserved 1048576K
}
Event: 330.009 GC heap after
{Heap after GC invocations=171 (full 0):
 garbage-first heap   total 8257536K, used 3003967K [0x0000000608000000, 0x0000000800000000)
  region size 32768K, 6 young (196608K), 6 survivors (196608K)
 Metaspace       used 287000K, committed 289152K, reserved 1294336K
  class space    used 50278K, committed 51264K, reserved 1048576K
}
Event: 331.844 GC heap before
{Heap before GC invocations=171 (full 0):
 garbage-first heap   total 8257536K, used 4445759K [0x0000000608000000, 0x0000000800000000)
  region size 32768K, 50 young (1638400K), 6 survivors (196608K)
 Metaspace       used 289538K, committed 291712K, reserved 1294336K
  class space    used 50649K, committed 51648K, reserved 1048576K
}
Event: 331.913 GC heap after
{Heap after GC invocations=172 (full 0):
 garbage-first heap   total 8257536K, used 3054531K [0x0000000608000000, 0x0000000800000000)
  region size 32768K, 5 young (163840K), 5 survivors (163840K)
 Metaspace       used 289538K, committed 291712K, reserved 1294336K
  class space    used 50649K, committed 51648K, reserved 1048576K
}
Event: 333.845 GC heap before
{Heap before GC invocations=172 (full 0):
 garbage-first heap   total 8257536K, used 4529091K [0x0000000608000000, 0x0000000800000000)
  region size 32768K, 50 young (1638400K), 5 survivors (163840K)
 Metaspace       used 293982K, committed 296128K, reserved 1294336K
  class space    used 51091K, committed 52096K, reserved 1048576K
}
Event: 333.920 GC heap after
{Heap after GC invocations=173 (full 0):
 garbage-first heap   total 8257536K, used 3116956K [0x0000000608000000, 0x0000000800000000)
  region size 32768K, 6 young (196608K), 6 survivors (196608K)
 Metaspace       used 293982K, committed 296128K, reserved 1294336K
  class space    used 51091K, committed 52096K, reserved 1048576K
}
Event: 336.131 GC heap before
{Heap before GC invocations=173 (full 0):
 garbage-first heap   total 8257536K, used 4558748K [0x0000000608000000, 0x0000000800000000)
  region size 32768K, 50 young (1638400K), 6 survivors (196608K)
 Metaspace       used 298731K, committed 300992K, reserved 1302528K
  class space    used 51662K, committed 52672K, reserved 1048576K
}
Event: 336.194 GC heap after
{Heap after GC invocations=174 (full 0):
 garbage-first heap   total 8257536K, used 3149465K [0x0000000608000000, 0x0000000800000000)
  region size 32768K, 5 young (163840K), 5 survivors (163840K)
 Metaspace       used 298731K, committed 300992K, reserved 1302528K
  class space    used 51662K, committed 52672K, reserved 1048576K
}
Event: 338.278 GC heap before
{Heap before GC invocations=174 (full 0):
 garbage-first heap   total 8257536K, used 4591257K [0x0000000608000000, 0x0000000800000000)
  region size 32768K, 50 young (1638400K), 5 survivors (163840K)
 Metaspace       used 300089K, committed 302400K, reserved 1302528K
  class space    used 51746K, committed 52800K, reserved 1048576K
}
Event: 338.329 GC heap after
{Heap after GC invocations=175 (full 0):
 garbage-first heap   total 8257536K, used 3154793K [0x0000000608000000, 0x0000000800000000)
  region size 32768K, 4 young (131072K), 4 survivors (131072K)
 Metaspace       used 300089K, committed 302400K, reserved 1302528K
  class space    used 51746K, committed 52800K, reserved 1048576K
}
Event: 340.538 GC heap before
{Heap before GC invocations=175 (full 0):
 garbage-first heap   total 8257536K, used 4662121K [0x0000000608000000, 0x0000000800000000)
  region size 32768K, 50 young (1638400K), 4 survivors (131072K)
 Metaspace       used 301315K, committed 303552K, reserved 1302528K
  class space    used 51831K, committed 52864K, reserved 1048576K
}
Event: 340.577 GC heap after
{Heap after GC invocations=176 (full 0):
 garbage-first heap   total 8257536K, used 3159160K [0x0000000608000000, 0x0000000800000000)
  region size 32768K, 4 young (131072K), 4 survivors (131072K)
 Metaspace       used 301315K, committed 303552K, reserved 1302528K
  class space    used 51831K, committed 52864K, reserved 1048576K
}
Event: 343.705 GC heap before
{Heap before GC invocations=176 (full 0):
 garbage-first heap   total 8257536K, used 5190776K [0x0000000608000000, 0x0000000800000000)
  region size 32768K, 66 young (2162688K), 4 survivors (131072K)
 Metaspace       used 302023K, committed 304320K, reserved 1302528K
  class space    used 51864K, committed 52864K, reserved 1048576K
}
Event: 343.748 GC heap after
{Heap after GC invocations=177 (full 0):
 garbage-first heap   total 8257536K, used 3173778K [0x0000000608000000, 0x0000000800000000)
  region size 32768K, 5 young (163840K), 5 survivors (163840K)
 Metaspace       used 302023K, committed 304320K, reserved 1302528K
  class space    used 51864K, committed 52864K, reserved 1048576K
}
Event: 345.661 GC heap before
{Heap before GC invocations=177 (full 0):
 garbage-first heap   total 8257536K, used 4648338K [0x0000000608000000, 0x0000000800000000)
  region size 32768K, 50 young (1638400K), 5 survivors (163840K)
 Metaspace       used 302595K, committed 304896K, reserved 1302528K
  class space    used 51875K, committed 52928K, reserved 1048576K
}
Event: 345.702 GC heap after
{Heap after GC invocations=178 (full 0):
 garbage-first heap   total 8257536K, used 3180767K [0x0000000608000000, 0x0000000800000000)
  region size 32768K, 3 young (98304K), 3 survivors (98304K)
 Metaspace       used 302595K, committed 304896K, reserved 1302528K
  class space    used 51875K, committed 52928K, reserved 1048576K
}
Event: 349.982 GC heap before
{Heap before GC invocations=178 (full 0):
 garbage-first heap   total 8257536K, used 6392031K [0x0000000608000000, 0x0000000800000000)
  region size 32768K, 101 young (3309568K), 3 survivors (98304K)
 Metaspace       used 303688K, committed 305984K, reserved 1302528K
  class space    used 51982K, committed 53056K, reserved 1048576K
}
Event: 350.014 GC heap after
{Heap after GC invocations=179 (full 0):
 garbage-first heap   total 8257536K, used 3189290K [0x0000000608000000, 0x0000000800000000)
  region size 32768K, 3 young (98304K), 3 survivors (98304K)
 Metaspace       used 303688K, committed 305984K, reserved 1302528K
  class space    used 51982K, committed 53056K, reserved 1048576K
}

