# JRE version: OpenJDK Runtime Environment Microsoft-32931 (17.0.3+7) (build 17.0.3+7-LTS)
# Java VM: OpenJDK 64-Bit Server VM Microsoft-32931 (17.0.3+7-LTS, mixed mode, tiered, compressed oops, compressed class ptrs, g1 gc, windows-amd64)
GC Precious Log:
 CPUs: 12 total, 12 available
 Memory: 16316M
 Large Page Support: Disabled
 NUMA Support: Disabled
 Compressed Oops: Enabled (Zero based)
 Heap Region Size: 32M
 Heap Min Capacity: 256M
 Heap Initial Capacity: 256M
 Heap Max Capacity: 8064M
 Pre-touch: Disabled
 Parallel Workers: 10
 Concurrent Workers: 3
 Concurrent Refinement Workers: 10
 Periodic GC: Disabled
Heap:
 garbage-first heap   total 6488064K, used 5280205K [0x0000000608000000, 0x0000000800000000)
  region size 32768K, 28 young (917504K), 3 survivors (98304K)
 Metaspace       used 309936K, committed 312256K, reserved 1310720K
  class space    used 53763K, committed 54848K, reserved 1048576K
GC Heap History (20 events):
Event: 235.098 GC heap before
{Heap before GC invocations=129 (full 0):
 garbage-first heap   total 6488064K, used 5153992K [0x0000000608000000, 0x0000000800000000)
  region size 32768K, 39 young (1277952K), 4 survivors (131072K)
 Metaspace       used 309566K, committed 311936K, reserved 1310720K
  class space    used 53747K, committed 54848K, reserved 1048576K
}
Event: 235.169 GC heap after
{Heap after GC invocations=130 (full 0):
 garbage-first heap   total 6488064K, used 4041735K [0x0000000608000000, 0x0000000800000000)
  region size 32768K, 3 young (98304K), 3 survivors (98304K)
 Metaspace       used 309566K, committed 311936K, reserved 1310720K
  class space    used 53747K, committed 54848K, reserved 1048576K
}
Event: 236.191 GC heap before
{Heap before GC invocations=130 (full 0):
 garbage-first heap   total 6488064K, used 5221383K [0x0000000608000000, 0x0000000800000000)
  region size 32768K, 39 young (1277952K), 3 survivors (98304K)
 Metaspace       used 309576K, committed 311936K, reserved 1310720K
  class space    used 53747K, committed 54848K, reserved 1048576K
}
Event: 236.250 GC heap after
{Heap after GC invocations=131 (full 0):
 garbage-first heap   total 6488064K, used 4078619K [0x0000000608000000, 0x0000000800000000)
  region size 32768K, 4 young (131072K), 4 survivors (131072K)
 Metaspace       used 309576K, committed 311936K, reserved 1310720K
  class space    used 53747K, committed 54848K, reserved 1048576K
}
Event: 239.105 GC heap before
{Heap before GC invocations=131 (full 0):
 garbage-first heap   total 6488064K, used 5225499K [0x0000000608000000, 0x0000000800000000)
  region size 32768K, 39 young (1277952K), 4 survivors (131072K)
 Metaspace       used 309586K, committed 312000K, reserved 1310720K
  class space    used 53748K, committed 54848K, reserved 1048576K
}
Event: 239.166 GC heap after
{Heap after GC invocations=132 (full 0):
 garbage-first heap   total 6488064K, used 4090978K [0x0000000608000000, 0x0000000800000000)
  region size 32768K, 3 young (98304K), 3 survivors (98304K)
 Metaspace       used 309586K, committed 312000K, reserved 1310720K
  class space    used 53748K, committed 54848K, reserved 1048576K
}
Event: 240.309 GC heap before
{Heap before GC invocations=132 (full 0):
 garbage-first heap   total 6488064K, used 5270626K [0x0000000608000000, 0x0000000800000000)
  region size 32768K, 39 young (1277952K), 3 survivors (98304K)
 Metaspace       used 309586K, committed 312000K, reserved 1310720K
  class space    used 53748K, committed 54848K, reserved 1048576K
}
Event: 240.347 GC heap after
{Heap after GC invocations=133 (full 0):
 garbage-first heap   total 6488064K, used 4088926K [0x0000000608000000, 0x0000000800000000)
  region size 32768K, 3 young (98304K), 3 survivors (98304K)
 Metaspace       used 309586K, committed 312000K, reserved 1310720K
  class space    used 53748K, committed 54848K, reserved 1048576K
}
Event: 241.462 GC heap before
{Heap before GC invocations=133 (full 0):
 garbage-first heap   total 6488064K, used 5268574K [0x0000000608000000, 0x0000000800000000)
  region size 32768K, 39 young (1277952K), 3 survivors (98304K)
 Metaspace       used 309586K, committed 312000K, reserved 1310720K
  class space    used 53748K, committed 54848K, reserved 1048576K
}
Event: 241.493 GC heap after
{Heap after GC invocations=134 (full 0):
 garbage-first heap   total 6488064K, used 4092643K [0x0000000608000000, 0x0000000800000000)
  region size 32768K, 3 young (98304K), 3 survivors (98304K)
 Metaspace       used 309586K, committed 312000K, reserved 1310720K
  class space    used 53748K, committed 54848K, reserved 1048576K
}
Event: 242.919 GC heap before
{Heap before GC invocations=134 (full 0):
 garbage-first heap   total 6488064K, used 5272291K [0x0000000608000000, 0x0000000800000000)
  region size 32768K, 39 young (1277952K), 3 survivors (98304K)
 Metaspace       used 309586K, committed 312000K, reserved 1310720K
  class space    used 53748K, committed 54848K, reserved 1048576K
}
Event: 242.952 GC heap after
{Heap after GC invocations=135 (full 0):
 garbage-first heap   total 6488064K, used 4093902K [0x0000000608000000, 0x0000000800000000)
  region size 32768K, 3 young (98304K), 3 survivors (98304K)
 Metaspace       used 309586K, committed 312000K, reserved 1310720K
  class space    used 53748K, committed 54848K, reserved 1048576K
}
Event: 246.707 GC heap before
{Heap before GC invocations=135 (full 0):
 garbage-first heap   total 6488064K, used 5273550K [0x0000000608000000, 0x0000000800000000)
  region size 32768K, 39 young (1277952K), 3 survivors (98304K)
 Metaspace       used 309619K, committed 312000K, reserved 1310720K
  class space    used 53752K, committed 54848K, reserved 1048576K
}
Event: 246.742 GC heap after
{Heap after GC invocations=136 (full 0):
 garbage-first heap   total 6488064K, used 4098854K [0x0000000608000000, 0x0000000800000000)
  region size 32768K, 3 young (98304K), 3 survivors (98304K)
 Metaspace       used 309619K, committed 312000K, reserved 1310720K
  class space    used 53752K, committed 54848K, reserved 1048576K
}
Event: 248.183 GC heap before
{Heap before GC invocations=136 (full 0):
 garbage-first heap   total 6488064K, used 5278502K [0x0000000608000000, 0x0000000800000000)
  region size 32768K, 39 young (1277952K), 3 survivors (98304K)
 Metaspace       used 309633K, committed 312000K, reserved 1310720K
  class space    used 53753K, committed 54848K, reserved 1048576K
}
Event: 248.549 GC heap after
{Heap after GC invocations=137 (full 0):
 garbage-first heap   total 6488064K, used 4378981K [0x0000000608000000, 0x0000000800000000)
  region size 32768K, 5 young (163840K), 5 survivors (163840K)
 Metaspace       used 309633K, committed 312000K, reserved 1310720K
  class space    used 53753K, committed 54848K, reserved 1048576K
}
Event: 251.323 GC heap before
{Heap before GC invocations=137 (full 0):
 garbage-first heap   total 6488064K, used 5493093K [0x0000000608000000, 0x0000000800000000)
  region size 32768K, 39 young (1277952K), 5 survivors (163840K)
 Metaspace       used 309710K, committed 312064K, reserved 1310720K
  class space    used 53753K, committed 54848K, reserved 1048576K
}
Event: 251.498 GC heap after
{Heap after GC invocations=138 (full 0):
 garbage-first heap   total 6488064K, used 4578347K [0x0000000608000000, 0x0000000800000000)
  region size 32768K, 5 young (163840K), 5 survivors (163840K)
 Metaspace       used 309710K, committed 312064K, reserved 1310720K
  class space    used 53753K, committed 54848K, reserved 1048576K
}
Event: 253.280 GC heap before
{Heap before GC invocations=138 (full 0):
 garbage-first heap   total 6488064K, used 5692459K [0x0000000608000000, 0x0000000800000000)
  region size 32768K, 39 young (1277952K), 5 survivors (163840K)
 Metaspace       used 309915K, committed 312256K, reserved 1310720K
  class space    used 53763K, committed 54848K, reserved 1048576K
}
Event: 253.401 GC heap after
{Heap after GC invocations=139 (full 0):
 garbage-first heap   total 6488064K, used 4690381K [0x0000000608000000, 0x0000000800000000)
  region size 32768K, 3 young (98304K), 3 survivors (98304K)
 Metaspace       used 309915K, committed 312256K, reserved 1310720K
  class space    used 53763K, committed 54848K, reserved 1048576K
}

